<?xml version="1.0" encoding="UTF-8"?>
<!-- Generated by org.testng.reporters.JUnitXMLReporter -->
<testsuite ignored="0" hostname="Prajwal-PC" failures="1" tests="4" name="Test" time="44.692" errors="0" timestamp="2022-09-15T13:18:03 IST">
  <testcase classname="Facebook.VerifyFacebookAPP" name="VerifyLoginPage" time="0.498"/>
  <testcase classname="Facebook.VerifyFacebookAPP" name="VerifyCreateAccPopup" time="2.436">
    <failure type="java.lang.AssertionError" message="null">
      <![CDATA[java.lang.AssertionError: null
at Facebook.VerifyFacebookAPP.VerifyCreateAccPopup(VerifyFacebookAPP.java:58)
at java.base/java.util.ArrayList.forEach(ArrayList.java:1511)
... Removed 27 stack frames]]>
    </failure>
  </testcase> <!-- VerifyCreateAccPopup -->
  <testcase classname="openHRM_Testing.VarifyOrangeHRM_APP" name="LoginPage" time="0.578"/>
  <testcase classname="openHRM_Testing.VarifyOrangeHRM_APP" name="HomePage" time="5.081"/>
</testsuite> <!-- Test -->
